RepairService/build/outputs/logs/manifest-merger-release-report.txt
-- Merging decision tree log ---
manifest
ADDED from MyApplication\RepairService\AndroidManifest.xml:2:1-287:12
	xmlns:tools
		ADDED from MyApplication\RepairService\AndroidManifest.xml:3:5-51
	xmlns:android
		ADDED from MyApplication\RepairService\AndroidManifest.xml:2:11-69
	package
		ADDED from MyApplication\RepairService\AndroidManifest.xml:4:5-38
	android:versionName
		ADDED from MyApplication\RepairService\AndroidManifest.xml:7:5-30
	android:versionCode
		ADDED from MyApplication\RepairService\AndroidManifest.xml:6:5-28
		INJECTED from MyApplication\RepairService\AndroidManifest.xml
		INJECTED from MyApplication\RepairService\AndroidManifest.xml
	android:installLocation
		ADDED from MyApplication\RepairService\AndroidManifest.xml:5:5-45
uses-sdk
ADDED from MyApplication\RepairService\AndroidManifest.xml:9:5-11:41
MERGED from [com.android.support:multidex:1.0.1] AndroidManifest.xml:18:5-42
MERGED from [MyApplication:library:unspecified] AndroidManifest.xml:7:5-43
MERGED from [MyApplication:LoginLibrary:unspecified] AndroidManifest.xml:7:5-43
MERGED from [MyApplication:PubLibrary:unspecified] AndroidManifest.xml:7:5-9:41
MERGED from [com.android.support:support-v4:22.2.0] AndroidManifest.xml:20:5-43
MERGED from [MyApplication:materialanimatedswitch:unspecified] AndroidManifest.xml:7:5-9:41
MERGED from [com.android.support:appcompat-v7:22.2.0] AndroidManifest.xml:20:5-43
MERGED from [com.android.support:support-v4:22.2.0] AndroidManifest.xml:20:5-43
	android:targetSdkVersion
		ADDED from MyApplication\RepairService\AndroidManifest.xml:11:9-38
	android:minSdkVersion
		ADDED from MyApplication\RepairService\AndroidManifest.xml:10:9-35
uses-feature#android.hardware.camera
ADDED from MyApplication\RepairService\AndroidManifest.xml:13:5-60
MERGED from [MyApplication:PubLibrary:unspecified] AndroidManifest.xml:11:5-60
	android:name
		ADDED from MyApplication\RepairService\AndroidManifest.xml:13:19-57
uses-permission#android.permission.INTERNET
ADDED from MyApplication\RepairService\AndroidManifest.xml:15:5-66
	android:name
		ADDED from MyApplication\RepairService\AndroidManifest.xml:15:22-64
uses-permission#android.permission.CAMERA
ADDED from MyApplication\RepairService\AndroidManifest.xml:16:5-65
MERGED from [MyApplication:PubLibrary:unspecified] AndroidManifest.xml:14:5-65
	android:name
		ADDED from MyApplication\RepairService\AndroidManifest.xml:16:22-62
uses-permission#android.permission.WRITE_EXTERNAL_STORAGE
ADDED from MyApplication\RepairService\AndroidManifest.xml:17:5-81
MERGED from [MyApplication:PubLibrary:unspecified] AndroidManifest.xml:15:5-81
MERGED from [MyApplication:PubLibrary:unspecified] AndroidManifest.xml:17:5-81
	android:name
		ADDED from MyApplication\RepairService\AndroidManifest.xml:17:22-78
uses-feature#android.hardware.camera.autofocus
ADDED from MyApplication\RepairService\AndroidManifest.xml:19:5-95
MERGED from [MyApplication:PubLibrary:unspecified] AndroidManifest.xml:12:5-70
	android:required
		ADDED from MyApplication\RepairService\AndroidManifest.xml:19:68-92
		MERGED from MyApplication\RepairService\AndroidManifest.xml:19:68-92
	android:name
		ADDED from MyApplication\RepairService\AndroidManifest.xml:19:19-67
uses-permission#android.permission.READ_CONTACTS
ADDED from MyApplication\RepairService\AndroidManifest.xml:21:5-71
	android:name
		ADDED from MyApplication\RepairService\AndroidManifest.xml:21:22-69
uses-permission#android.permission.CALL_PHONE
ADDED from MyApplication\RepairService\AndroidManifest.xml:23:5-68
	android:name
		ADDED from MyApplication\RepairService\AndroidManifest.xml:23:22-66
uses-permission#android.permission.RECORD_AUDIO
ADDED from MyApplication\RepairService\AndroidManifest.xml:27:5-71
MERGED from [MyApplication:PubLibrary:unspecified] AndroidManifest.xml:16:5-71
	android:name
		ADDED from MyApplication\RepairService\AndroidManifest.xml:27:22-68
uses-permission#android.permission.MOUNT_UNMOUNT_FILESYSTEMS
ADDED from MyApplication\RepairService\AndroidManifest.xml:29:5-84
	android:name
		ADDED from MyApplication\RepairService\AndroidManifest.xml:29:22-81
uses-permission#android.permission.ACCESS_FINE_LOCATION
ADDED from MyApplication\RepairService\AndroidManifest.xml:30:5-78
	android:name
		ADDED from MyApplication\RepairService\AndroidManifest.xml:30:22-76
uses-permission#android.permission.ACCESS_COARSE_LOCATION
ADDED from MyApplication\RepairService\AndroidManifest.xml:31:5-80
	android:name
		ADDED from MyApplication\RepairService\AndroidManifest.xml:31:22-78
uses-permission#android.permission.BAIDU_LOCATION_SERVICE
ADDED from MyApplication\RepairService\AndroidManifest.xml:34:5-81
	android:name
		ADDED from MyApplication\RepairService\AndroidManifest.xml:34:22-78
uses-permission#android.permission.ACCESS_WIFI_STATE
ADDED from MyApplication\RepairService\AndroidManifest.xml:37:5-92
	android:name
		ADDED from MyApplication\RepairService\AndroidManifest.xml:37:22-73
uses-permission#android.permission.ACCESS_NETWORK_STATE
ADDED from MyApplication\RepairService\AndroidManifest.xml:38:5-95
	android:name
		ADDED from MyApplication\RepairService\AndroidManifest.xml:38:22-76
uses-permission#android.permission.CHANGE_WIFI_STATE
ADDED from MyApplication\RepairService\AndroidManifest.xml:39:5-92
	android:name
		ADDED from MyApplication\RepairService\AndroidManifest.xml:39:22-73
uses-permission#android.permission.READ_PHONE_STATE
ADDED from MyApplication\RepairService\AndroidManifest.xml:40:5-91
	android:name
		ADDED from MyApplication\RepairService\AndroidManifest.xml:40:22-72
uses-permission#android.permission.READ_LOGS
ADDED from MyApplication\RepairService\AndroidManifest.xml:44:5-84
	android:name
		ADDED from MyApplication\RepairService\AndroidManifest.xml:44:22-65
uses-permission#android.permission.VIBRATE
ADDED from MyApplication\RepairService\AndroidManifest.xml:45:5-82
	android:name
		ADDED from MyApplication\RepairService\AndroidManifest.xml:45:22-63
uses-permission#android.permission.WRITE_SETTINGS
ADDED from MyApplication\RepairService\AndroidManifest.xml:46:5-89
	android:name
		ADDED from MyApplication\RepairService\AndroidManifest.xml:46:22-70
uses-permission#android.permission.ACCESS_GPS
ADDED from MyApplication\RepairService\AndroidManifest.xml:50:5-85
	android:name
		ADDED from MyApplication\RepairService\AndroidManifest.xml:50:22-66
uses-permission#android.permission.SET_WALLPAPER
ADDED from MyApplication\RepairService\AndroidManifest.xml:52:5-72
	android:name
		ADDED from MyApplication\RepairService\AndroidManifest.xml:52:23-70
application
ADDED from MyApplication\RepairService\AndroidManifest.xml:56:5-280:19
MERGED from [MyApplication:library:unspecified] AndroidManifest.xml:9:5-20
MERGED from [MyApplication:LoginLibrary:unspecified] AndroidManifest.xml:9:5-21:19
MERGED from [MyApplication:PubLibrary:unspecified] AndroidManifest.xml:19:5-61:19
MERGED from [com.android.support:support-v4:22.2.0] AndroidManifest.xml:22:5-20
MERGED from [MyApplication:materialanimatedswitch:unspecified] AndroidManifest.xml:15:5-20
MERGED from [com.android.support:appcompat-v7:22.2.0] AndroidManifest.xml:22:5-20
MERGED from [com.android.support:support-v4:22.2.0] AndroidManifest.xml:22:5-20
	android:label
		ADDED from MyApplication\RepairService\AndroidManifest.xml:61:9-41
		REJECTED from [MyApplication:LoginLibrary:unspecified] AndroidManifest.xml:11:9-41
		REJECTED from [MyApplication:PubLibrary:unspecified] AndroidManifest.xml:22:9-41
	android:allowBackup
		ADDED from MyApplication\RepairService\AndroidManifest.xml:59:9-35
	android:icon
		ADDED from MyApplication\RepairService\AndroidManifest.xml:60:9-38
		REJECTED from [MyApplication:LoginLibrary:unspecified] AndroidManifest.xml:10:9-38
		REJECTED from [MyApplication:PubLibrary:unspecified] AndroidManifest.xml:21:9-45
	android:theme
		ADDED from MyApplication\RepairService\AndroidManifest.xml:62:9-40
	tools:replace
		ADDED from MyApplication\RepairService\AndroidManifest.xml:58:9-36
meta-data#com.baidu.lbsapi.API_KEY
ADDED from MyApplication\RepairService\AndroidManifest.xml:63:9-65:56
	android:name
		ADDED from MyApplication\RepairService\AndroidManifest.xml:64:13-52
	android:value
		ADDED from MyApplication\RepairService\AndroidManifest.xml:65:13-53
activity#com.itlao.repairservice.home.ctrl.MainActivity
ADDED from MyApplication\RepairService\AndroidManifest.xml:66:9-84:20
	android:windowSoftInputMode
		ADDED from MyApplication\RepairService\AndroidManifest.xml:70:13-52
	android:label
		ADDED from MyApplication\RepairService\AndroidManifest.xml:68:13-45
	android:theme
		ADDED from MyApplication\RepairService\AndroidManifest.xml:71:13-60
	android:name
		ADDED from MyApplication\RepairService\AndroidManifest.xml:67:13-74
	android:launchMode
		ADDED from MyApplication\RepairService\AndroidManifest.xml:69:13-43
intent-filter#android.intent.action.MAIN+android.intent.category.LAUNCHER
ADDED from MyApplication\RepairService\AndroidManifest.xml:72:13-76:29
action#android.intent.action.MAIN
ADDED from MyApplication\RepairService\AndroidManifest.xml:73:17-69
	android:name
		ADDED from MyApplication\RepairService\AndroidManifest.xml:73:25-66
category#android.intent.category.LAUNCHER
ADDED from MyApplication\RepairService\AndroidManifest.xml:75:17-77
	android:name
		ADDED from MyApplication\RepairService\AndroidManifest.xml:75:27-74
intent-filter#android.intent.action.SEARCH
ADDED from MyApplication\RepairService\AndroidManifest.xml:78:13-80:29
action#android.intent.action.SEARCH
ADDED from MyApplication\RepairService\AndroidManifest.xml:79:17-71
	android:name
		ADDED from MyApplication\RepairService\AndroidManifest.xml:79:25-68
meta-data#android.app.searchable
ADDED from MyApplication\RepairService\AndroidManifest.xml:81:13-83:54
	android:resource
		ADDED from MyApplication\RepairService\AndroidManifest.xml:83:17-51
	android:name
		ADDED from MyApplication\RepairService\AndroidManifest.xml:82:17-54
activity#com.itlao.repairservice.login.LoginActivity
ADDED from MyApplication\RepairService\AndroidManifest.xml:86:9-91:20
	android:label
		ADDED from MyApplication\RepairService\AndroidManifest.xml:88:13-45
	android:theme
		ADDED from MyApplication\RepairService\AndroidManifest.xml:89:13-60
	android:name
		ADDED from MyApplication\RepairService\AndroidManifest.xml:87:13-71
activity#com.itlao.repairservice.login.Login_Library_Activity
ADDED from MyApplication\RepairService\AndroidManifest.xml:92:9-97:20
	android:label
		ADDED from MyApplication\RepairService\AndroidManifest.xml:94:13-45
	android:theme
		ADDED from MyApplication\RepairService\AndroidManifest.xml:95:13-60
	android:name
		ADDED from MyApplication\RepairService\AndroidManifest.xml:93:13-80
activity#com.itlao.repairservice.findmaster.ctrl.ZhaoShiFuActivity
ADDED from MyApplication\RepairService\AndroidManifest.xml:98:9-103:20
	android:label
		ADDED from MyApplication\RepairService\AndroidManifest.xml:100:13-45
	android:theme
		ADDED from MyApplication\RepairService\AndroidManifest.xml:101:13-60
	android:name
		ADDED from MyApplication\RepairService\AndroidManifest.xml:99:13-85
activity#com.itlao.repairservice.login.Login_Activity
ADDED from MyApplication\RepairService\AndroidManifest.xml:104:9-110:20
	android:label
		ADDED from MyApplication\RepairService\AndroidManifest.xml:106:13-45
	android:theme
		ADDED from MyApplication\RepairService\AndroidManifest.xml:107:13-60
	android:name
		ADDED from MyApplication\RepairService\AndroidManifest.xml:105:13-72
activity#com.itlao.repairservice.publicq.ctrl.FabuActivity
ADDED from MyApplication\RepairService\AndroidManifest.xml:111:9-116:20
	android:label
		ADDED from MyApplication\RepairService\AndroidManifest.xml:113:13-45
	android:theme
		ADDED from MyApplication\RepairService\AndroidManifest.xml:114:13-60
	android:name
		ADDED from MyApplication\RepairService\AndroidManifest.xml:112:13-77
activity#com.itlao.repairservice.findq.ctrl.FindQuetionActivity
ADDED from MyApplication\RepairService\AndroidManifest.xml:117:9-122:20
	android:label
		ADDED from MyApplication\RepairService\AndroidManifest.xml:119:13-45
	android:theme
		ADDED from MyApplication\RepairService\AndroidManifest.xml:120:13-60
	android:name
		ADDED from MyApplication\RepairService\AndroidManifest.xml:118:13-82
activity#com.itlao.repairservice.pcenter.PersonalCenterActivity
ADDED from MyApplication\RepairService\AndroidManifest.xml:123:9-128:20
	android:label
		ADDED from MyApplication\RepairService\AndroidManifest.xml:125:13-45
	android:theme
		ADDED from MyApplication\RepairService\AndroidManifest.xml:126:13-60
	android:name
		ADDED from MyApplication\RepairService\AndroidManifest.xml:124:13-82
activity#com.itlao.repairservice.pcenter.immaster.ctrl.IamShifuActivity
ADDED from MyApplication\RepairService\AndroidManifest.xml:129:9-134:20
	android:label
		ADDED from MyApplication\RepairService\AndroidManifest.xml:131:13-45
	android:theme
		ADDED from MyApplication\RepairService\AndroidManifest.xml:132:13-60
	android:name
		ADDED from MyApplication\RepairService\AndroidManifest.xml:130:13-90
activity#com.itlao.repairservice.pcenter.imcustomer.ctrl.IamKehuActivity
ADDED from MyApplication\RepairService\AndroidManifest.xml:135:9-140:20
	android:label
		ADDED from MyApplication\RepairService\AndroidManifest.xml:137:13-45
	android:theme
		ADDED from MyApplication\RepairService\AndroidManifest.xml:138:13-60
	android:name
		ADDED from MyApplication\RepairService\AndroidManifest.xml:136:13-91
activity#com.itlao.repairservice.pcenter.manito.ctrl.DashenShoucangActivity
ADDED from MyApplication\RepairService\AndroidManifest.xml:141:9-146:20
	android:label
		ADDED from MyApplication\RepairService\AndroidManifest.xml:143:13-45
	android:theme
		ADDED from MyApplication\RepairService\AndroidManifest.xml:144:13-60
	android:name
		ADDED from MyApplication\RepairService\AndroidManifest.xml:142:13-94
activity#com.itlao.repairservice.pcenter.contact.ctrl.PhoneContactsActivity
ADDED from MyApplication\RepairService\AndroidManifest.xml:147:9-152:20
	android:label
		ADDED from MyApplication\RepairService\AndroidManifest.xml:149:13-45
	android:theme
		ADDED from MyApplication\RepairService\AndroidManifest.xml:150:13-60
	android:name
		ADDED from MyApplication\RepairService\AndroidManifest.xml:148:13-94
activity#com.itlao.repairservice.pcenter.msgcenter.ctrl.MessageCenterActivity
ADDED from MyApplication\RepairService\AndroidManifest.xml:153:9-158:20
	android:label
		ADDED from MyApplication\RepairService\AndroidManifest.xml:155:13-45
	android:theme
		ADDED from MyApplication\RepairService\AndroidManifest.xml:156:13-60
	android:name
		ADDED from MyApplication\RepairService\AndroidManifest.xml:154:13-96
activity#com.itlao.repairservice.pcenter.setting.ctrl.SettingActivity
ADDED from MyApplication\RepairService\AndroidManifest.xml:159:9-164:20
	android:label
		ADDED from MyApplication\RepairService\AndroidManifest.xml:161:13-45
	android:theme
		ADDED from MyApplication\RepairService\AndroidManifest.xml:162:13-60
	android:name
		ADDED from MyApplication\RepairService\AndroidManifest.xml:160:13-88
activity#com.itlao.repairservice.publicq.ctrl.XiangceOrXiangjiActivity
ADDED from MyApplication\RepairService\AndroidManifest.xml:165:9-171:20
	android:label
		ADDED from MyApplication\RepairService\AndroidManifest.xml:167:13-45
	android:theme
		ADDED from MyApplication\RepairService\AndroidManifest.xml:169:13-72
	android:name
		ADDED from MyApplication\RepairService\AndroidManifest.xml:166:13-89
activity#com.itlao.repairservice.ActivityTest
ADDED from MyApplication\RepairService\AndroidManifest.xml:172:9-179:20
	android:label
		ADDED from MyApplication\RepairService\AndroidManifest.xml:174:13-45
	android:theme
		ADDED from MyApplication\RepairService\AndroidManifest.xml:176:13-72
	android:name
		ADDED from MyApplication\RepairService\AndroidManifest.xml:173:13-64
activity#com.itlao.repairservice.QuetionDetailActivity
ADDED from MyApplication\RepairService\AndroidManifest.xml:180:9-187:20
	android:label
		ADDED from MyApplication\RepairService\AndroidManifest.xml:182:13-45
	android:theme
		ADDED from MyApplication\RepairService\AndroidManifest.xml:184:13-72
	android:name
		ADDED from MyApplication\RepairService\AndroidManifest.xml:181:13-73
activity#com.itlao.repairservice.pcenter.manito.ctrl.DashenPersonalActivity
ADDED from MyApplication\RepairService\AndroidManifest.xml:188:9-195:20
	android:label
		ADDED from MyApplication\RepairService\AndroidManifest.xml:190:13-45
	android:theme
		ADDED from MyApplication\RepairService\AndroidManifest.xml:192:13-72
	android:name
		ADDED from MyApplication\RepairService\AndroidManifest.xml:189:13-94
activity#com.itlao.repairservice.findmaster.ctrl.Zhaoshifu_geren_Activity
ADDED from MyApplication\RepairService\AndroidManifest.xml:196:9-201:20
	android:label
		ADDED from MyApplication\RepairService\AndroidManifest.xml:198:13-45
	android:theme
		ADDED from MyApplication\RepairService\AndroidManifest.xml:199:13-72
	android:name
		ADDED from MyApplication\RepairService\AndroidManifest.xml:197:13-92
activity#com.itlao.repairservice.publicq.ctrl.FabuActivity2
ADDED from MyApplication\RepairService\AndroidManifest.xml:203:9-208:20
	android:label
		ADDED from MyApplication\RepairService\AndroidManifest.xml:205:13-45
	android:theme
		ADDED from MyApplication\RepairService\AndroidManifest.xml:206:13-72
	android:name
		ADDED from MyApplication\RepairService\AndroidManifest.xml:204:13-78
activity#com.itlao.repairservice.ActivityFindPassword
ADDED from MyApplication\RepairService\AndroidManifest.xml:210:9-215:20
	android:label
		ADDED from MyApplication\RepairService\AndroidManifest.xml:212:13-45
	android:theme
		ADDED from MyApplication\RepairService\AndroidManifest.xml:213:13-72
	android:name
		ADDED from MyApplication\RepairService\AndroidManifest.xml:211:13-72
activity#com.itlao.repairservice.register.ctrl.ActivityMasterRegister
ADDED from MyApplication\RepairService\AndroidManifest.xml:217:9-222:20
	android:label
		ADDED from MyApplication\RepairService\AndroidManifest.xml:219:13-45
	android:theme
		ADDED from MyApplication\RepairService\AndroidManifest.xml:220:13-72
	android:name
		ADDED from MyApplication\RepairService\AndroidManifest.xml:218:13-88
activity#com.example.testpic.PublishedActivity
ADDED from MyApplication\RepairService\AndroidManifest.xml:226:9-231:20
MERGED from [MyApplication:PubLibrary:unspecified] AndroidManifest.xml:24:9-35:20
	android:configChanges
		ADDED from MyApplication\RepairService\AndroidManifest.xml:229:13-63
	android:theme
		ADDED from MyApplication\RepairService\AndroidManifest.xml:228:13-60
	android:name
		ADDED from MyApplication\RepairService\AndroidManifest.xml:227:13-65
activity#com.example.testpic.ImageGridActivity
ADDED from MyApplication\RepairService\AndroidManifest.xml:232:9-235:20
MERGED from [MyApplication:PubLibrary:unspecified] AndroidManifest.xml:48:9-51:20
	android:theme
		ADDED from MyApplication\RepairService\AndroidManifest.xml:234:13-60
	android:name
		ADDED from MyApplication\RepairService\AndroidManifest.xml:233:13-65
activity#com.example.testpic.TestPicActivity
ADDED from MyApplication\RepairService\AndroidManifest.xml:236:9-240:20
MERGED from [MyApplication:PubLibrary:unspecified] AndroidManifest.xml:52:9-56:20
	android:configChanges
		ADDED from MyApplication\RepairService\AndroidManifest.xml:238:13-63
	android:theme
		ADDED from MyApplication\RepairService\AndroidManifest.xml:239:13-60
	android:name
		ADDED from MyApplication\RepairService\AndroidManifest.xml:237:13-63
activity#com.example.testpic.PhotoActivity
ADDED from MyApplication\RepairService\AndroidManifest.xml:241:9-244:20
MERGED from [MyApplication:PubLibrary:unspecified] AndroidManifest.xml:57:9-60:20
	android:theme
		ADDED from MyApplication\RepairService\AndroidManifest.xml:243:13-60
	android:name
		ADDED from MyApplication\RepairService\AndroidManifest.xml:242:13-61
activity#com.itlao.repairservice.register.ctrl.ActivityRegister
ADDED from MyApplication\RepairService\AndroidManifest.xml:246:9-249:20
	android:theme
		ADDED from MyApplication\RepairService\AndroidManifest.xml:248:13-60
	android:name
		ADDED from MyApplication\RepairService\AndroidManifest.xml:247:13-82
activity#com.itlao.repairservice.ActivityFeekback
ADDED from MyApplication\RepairService\AndroidManifest.xml:251:9-255:20
	android:theme
		ADDED from MyApplication\RepairService\AndroidManifest.xml:253:13-60
	android:name
		ADDED from MyApplication\RepairService\AndroidManifest.xml:252:13-68
activity#com.itlao.repairservice.findmaster.ctrl.ActivityOders
ADDED from MyApplication\RepairService\AndroidManifest.xml:257:9-261:20
	android:theme
		ADDED from MyApplication\RepairService\AndroidManifest.xml:259:13-60
	android:name
		ADDED from MyApplication\RepairService\AndroidManifest.xml:258:13-81
activity#com.itlao.repairservice.ActivityMasterFeekback
ADDED from MyApplication\RepairService\AndroidManifest.xml:263:9-267:20
	android:theme
		ADDED from MyApplication\RepairService\AndroidManifest.xml:265:13-60
	android:name
		ADDED from MyApplication\RepairService\AndroidManifest.xml:264:13-74
service#com.baidu.location.f
ADDED from MyApplication\RepairService\AndroidManifest.xml:275:9-279:19
	android:process
		ADDED from MyApplication\RepairService\AndroidManifest.xml:278:13-38
	android:enabled
		ADDED from MyApplication\RepairService\AndroidManifest.xml:277:13-35
	android:name
		ADDED from MyApplication\RepairService\AndroidManifest.xml:276:13-48
supports-screens
ADDED from MyApplication\RepairService\AndroidManifest.xml:281:1-286:39
	android:resizeable
		ADDED from MyApplication\RepairService\AndroidManifest.xml:285:9-34
	android:largeScreens
		ADDED from MyApplication\RepairService\AndroidManifest.xml:283:9-36
	android:anyDensity
		ADDED from MyApplication\RepairService\AndroidManifest.xml:282:9-34
	android:normalScreens
		ADDED from MyApplication\RepairService\AndroidManifest.xml:284:9-38
	android:smallScreens
		ADDED from MyApplication\RepairService\AndroidManifest.xml:286:9-36
activity#com.mytwitter.acitivity.LoginActivity
ADDED from [MyApplication:LoginLibrary:unspecified] AndroidManifest.xml:12:9-20:20
	android:label
		ADDED from [MyApplication:LoginLibrary:unspecified] AndroidManifest.xml:14:13-45
	android:name
		ADDED from [MyApplication:LoginLibrary:unspecified] AndroidManifest.xml:13:13-65
android:uses-permission#android.permission.READ_EXTERNAL_STORAGE
IMPLIED from MyApplication\RepairService\AndroidManifest.xml:2:1-287:12 reason: com.example.testpic requested WRITE_EXTERNAL_STORAGE